#
# There is insufficient memory for the Java Runtime Environment to continue.
# Native memory allocation (mmap) failed to map 264241152 bytes for G1 virtual space
# Possible reasons:
#   The system is out of physical RAM or swap space
#   The process is running with CompressedOops enabled, and the Java Heap may be blocking the growth of the native heap
# Possible solutions:
#   Reduce memory load on the system
#   Increase physical memory or swap space
#   Check if swap backing store is full
#   Decrease Java heap size (-Xmx/-Xms)
#   Decrease number of Java threads
#   Decrease Java thread stack sizes (-Xss)
#   Set larger code cache with -XX:ReservedCodeCacheSize=
#   JVM is running with Zero Based Compressed Oops mode in which the Java heap is
#     placed in the first 32GB address space. The Java Heap base address is the
#     maximum limit for the native heap growth. Please use -XX:HeapBaseMinAddress
#     to set the Java Heap base and to place the Java Heap above 32GB virtual address.
# This output file may be truncated or incomplete.
#
#  Out of Memory Error (os_windows.cpp:3600), pid=69692, tid=23044
#
# JRE version:  (21.0.5+9) (build )
# Java VM: Java HotSpot(TM) 64-Bit Server VM (21.0.5+9-LTS-jvmci-23.1-b48, mixed mode, sharing, tiered, jvmci, jvmci compiler, compressed oops, compressed class ptrs, g1 gc, windows-amd64)
# No core dump will be written. Minidumps are not enabled by default on client versions of Windows
#

---------------  S U M M A R Y ------------

Command Line: -XX:ThreadPriorityPolicy=1 -XX:+UnlockExperimentalVMOptions -XX:+EnableJVMCIProduct -XX:-UnlockExperimentalVMOptions C:\Users\14385\AppData\Local\Temp\surefire11493272845291923534\surefirebooter14626017216739464891.jar C:\Users\14385\AppData\Local\Temp\surefire11493272845291923534 2024-11-04T19-16-54_707-jvmRun1 surefire9290281165427708804tmp surefire_07374779538471839573tmp

Host: 12th Gen Intel(R) Core(TM) i7-12700H, 20 cores, 15G,  Windows 11 , 64 bit Build 22621 (10.0.22621.3958)
Time: Mon Nov  4 19:16:54 2024  Windows 11 , 64 bit Build 22621 (10.0.22621.3958) elapsed time: 0.007487 seconds (0d 0h 0m 0s)

---------------  T H R E A D  ---------------

Current thread (0x000001855141c080):  JavaThread "Unknown thread" [_thread_in_vm, id=23044, stack(0x00000031bd400000,0x00000031bd500000) (1024K)]

Stack: [0x00000031bd400000,0x00000031bd500000]
Native frames: (J=compiled Java code, j=interpreted, Vv=VM code, C=native code)
V  [jvm.dll+0x6d3bd9]
V  [jvm.dll+0x85e3a1]
V  [jvm.dll+0x8608ce]
V  [jvm.dll+0x860fa3]
V  [jvm.dll+0x27e016]
V  [jvm.dll+0x6d0375]
V  [jvm.dll+0x6c4efa]
V  [jvm.dll+0x35388a]
V  [jvm.dll+0x35b4e6]
V  [jvm.dll+0x3addce]
V  [jvm.dll+0x3ae078]
V  [jvm.dll+0x327bec]
V  [jvm.dll+0x32874b]
V  [jvm.dll+0x827769]
V  [jvm.dll+0x3baab1]
V  [jvm.dll+0x810ab8]
V  [jvm.dll+0x44fc5e]
V  [jvm.dll+0x451851]
C  [jli.dll+0x52a3]
C  [ucrtbase.dll+0x29333]
C  [KERNEL32.DLL+0x1257d]
C  [ntdll.dll+0x5af08]


---------------  P R O C E S S  ---------------

Threads class SMR info:
_java_thread_list=0x00007ffacfd95c08, length=0, elements={
}

Java Threads: ( => current thread )
Total: 0

Other Threads:
  0x000001855379f040 WorkerThread "GC Thread#0"                     [id=19804, stack(0x00000031bd500000,0x00000031bd600000) (1024K)]
  0x00000185537b08a0 ConcurrentGCThread "G1 Main Marker"            [id=58784, stack(0x00000031bd600000,0x00000031bd700000) (1024K)]
  0x00000185537b12a0 WorkerThread "G1 Conc#0"                       [id=2184, stack(0x00000031bd700000,0x00000031bd800000) (1024K)]

[error occurred during error reporting (printing all threads), id 0xc0000005, EXCEPTION_ACCESS_VIOLATION (0xc0000005) at pc=0x00007ffacf4fa377]
VM state: not at safepoint (not fully initialized)

VM Mutex/Monitor currently owned by a thread:  ([mutex/lock_event])
[0x00007ffacfe06ff8] Heap_lock - owner thread: 0x000001855141c080

Heap address: 0x0000000704400000, size: 4028 MB, Compressed Oops mode: Zero based, Oop shift amount: 3

CDS archive(s) mapped at: [0x0000000000000000-0x0000000000000000-0x0000000000000000), size 0, SharedBaseAddress: 0x0000000800000000, ArchiveRelocationMode: 1.
Narrow klass base: 0x0000000000000000, Narrow klass shift: 0, Narrow klass range: 0x0

GC Precious Log:
 CardTable entry size: 512
 Card Set container configuration: InlinePtr #cards 4 size 8 Array Of Cards #cards 16 size 48 Howl #buckets 8 coarsen threshold 3686 Howl Bitmap #cards 512 size 80 coarsen threshold 460 Card regions per heap region 1 cards per card region 4096

Heap:
 garbage-first heap   total 0K, used 0K [0x0000000704400000, 0x0000000800000000)
  region size 2048K, 0 young (0K), 0 survivors (0K)

[error occurred during error reporting (printing heap information), id 0xc0000005, EXCEPTION_ACCESS_VIOLATION (0xc0000005) at pc=0x00007ffacf8ecba9]
GC Heap History (0 events):
No events

Dll operation events (1 events):
Event: 0.004 Loaded shared library E:\Programs\java\java21\bin\java.dll

Deoptimization events (0 events):
No events

Classes loaded (0 events):
No events

Classes unloaded (0 events):
No events

Classes redefined (0 events):
No events

Internal exceptions (0 events):
No events

ZGC Phase Switch (0 events):
No events

VM Operations (0 events):
No events

Events (0 events):
No events


Dynamic libraries:
0x00007ff7a8460000 - 0x00007ff7a8470000 	E:\Programs\java\java21\bin\java.exe
0x00007ffb9eaf0000 - 0x00007ffb9ed07000 	C:\Windows\SYSTEM32\ntdll.dll
0x00007ffb9db30000 - 0x00007ffb9dbf4000 	C:\Windows\System32\KERNEL32.DLL
0x00007ffb9be30000 - 0x00007ffb9c1e7000 	C:\Windows\System32\KERNELBASE.dll
0x00007ffb9c590000 - 0x00007ffb9c6a1000 	C:\Windows\System32\ucrtbase.dll
0x00007ffb91360000 - 0x00007ffb91379000 	E:\Programs\java\java21\bin\jli.dll
0x00007ffb91bf0000 - 0x00007ffb91c0b000 	E:\Programs\java\java21\bin\VCRUNTIME140.dll
0x00007ffb9e2a0000 - 0x00007ffb9e352000 	C:\Windows\System32\ADVAPI32.dll
0x00007ffb9da80000 - 0x00007ffb9db27000 	C:\Windows\System32\msvcrt.dll
0x00007ffb9d260000 - 0x00007ffb9d308000 	C:\Windows\System32\sechost.dll
0x00007ffb9be00000 - 0x00007ffb9be28000 	C:\Windows\System32\bcrypt.dll
0x00007ffb9e8b0000 - 0x00007ffb9e9c4000 	C:\Windows\System32\RPCRT4.dll
0x00007ffb9dc80000 - 0x00007ffb9de2f000 	C:\Windows\System32\USER32.dll
0x00007ffb9c310000 - 0x00007ffb9c336000 	C:\Windows\System32\win32u.dll
0x00007ffb9d210000 - 0x00007ffb9d239000 	C:\Windows\System32\GDI32.dll
0x00007ffb7d4e0000 - 0x00007ffb7d773000 	C:\Windows\WinSxS\amd64_microsoft.windows.common-controls_6595b64144ccf1df_6.0.22621.3672_none_2713b9d173822955\COMCTL32.dll
0x00007ffb9c1f0000 - 0x00007ffb9c308000 	C:\Windows\System32\gdi32full.dll
0x00007ffb9c470000 - 0x00007ffb9c50a000 	C:\Windows\System32\msvcp_win.dll
0x00007ffb84200000 - 0x00007ffb8420a000 	C:\Windows\SYSTEM32\VERSION.dll
0x00007ffb9e260000 - 0x00007ffb9e291000 	C:\Windows\System32\IMM32.DLL
0x00007ffb92820000 - 0x00007ffb9282c000 	E:\Programs\java\java21\bin\vcruntime140_1.dll
0x00007ffb3b210000 - 0x00007ffb3b29e000 	E:\Programs\java\java21\bin\msvcp140.dll
0x00007ffacf1c0000 - 0x00007ffacfee3000 	E:\Programs\java\java21\bin\server\jvm.dll
0x00007ffb9e090000 - 0x00007ffb9e101000 	C:\Windows\System32\WS2_32.dll
0x00007ffb9ac70000 - 0x00007ffb9acbd000 	C:\Windows\SYSTEM32\POWRPROF.dll
0x00007ffb981e0000 - 0x00007ffb98214000 	C:\Windows\SYSTEM32\WINMM.dll
0x00007ffb9ac50000 - 0x00007ffb9ac63000 	C:\Windows\SYSTEM32\UMPDC.dll
0x00007ffb9af00000 - 0x00007ffb9af18000 	C:\Windows\SYSTEM32\kernel.appcore.dll
0x00007ffb91cd0000 - 0x00007ffb91cda000 	E:\Programs\java\java21\bin\jimage.dll
0x00007ffb98f80000 - 0x00007ffb991b2000 	C:\Windows\SYSTEM32\DBGHELP.DLL
0x00007ffb9e360000 - 0x00007ffb9e6ee000 	C:\Windows\System32\combase.dll
0x00007ffb9e9d0000 - 0x00007ffb9eaa7000 	C:\Windows\System32\OLEAUT32.dll
0x00007ffb981a0000 - 0x00007ffb981d2000 	C:\Windows\SYSTEM32\dbgcore.DLL
0x00007ffb9c510000 - 0x00007ffb9c58b000 	C:\Windows\System32\bcryptPrimitives.dll
0x00007ffb90ac0000 - 0x00007ffb90adf000 	E:\Programs\java\java21\bin\java.dll

dbghelp: loaded successfully - version: 4.0.5 - missing functions: none
symbol engine: initialized successfully - sym options: 0x614 - pdb path: .;E:\Programs\java\java21\bin;C:\Windows\SYSTEM32;C:\Windows\WinSxS\amd64_microsoft.windows.common-controls_6595b64144ccf1df_6.0.22621.3672_none_2713b9d173822955;E:\Programs\java\java21\bin\server

VM Arguments:
jvm_args: -XX:ThreadPriorityPolicy=1 -XX:+UnlockExperimentalVMOptions -XX:+EnableJVMCIProduct -XX:-UnlockExperimentalVMOptions 
java_command: C:\Users\14385\AppData\Local\Temp\surefire11493272845291923534\surefirebooter14626017216739464891.jar C:\Users\14385\AppData\Local\Temp\surefire11493272845291923534 2024-11-04T19-16-54_707-jvmRun1 surefire9290281165427708804tmp surefire_07374779538471839573tmp
java_class_path (initial): C:\Users\14385\AppData\Local\Temp\surefire11493272845291923534\surefirebooter14626017216739464891.jar
Launcher Type: SUN_STANDARD

[Global flags]
     intx CICompilerCount                          = 12                                        {product} {ergonomic}
     uint ConcGCThreads                            = 4                                         {product} {ergonomic}
     bool EnableJVMCIProduct                       = true                                {JVMCI product} {jimage}
     uint G1ConcRefinementThreads                  = 15                                        {product} {ergonomic}
   size_t G1HeapRegionSize                         = 2097152                                   {product} {ergonomic}
    uintx GCDrainStackTargetSize                   = 64                                        {product} {ergonomic}
   size_t InitialHeapSize                          = 264241152                                 {product} {ergonomic}
   size_t MarkStackSize                            = 4194304                                   {product} {ergonomic}
   size_t MaxHeapSize                              = 4223664128                                {product} {ergonomic}
   size_t MinHeapDeltaBytes                        = 2097152                                   {product} {ergonomic}
   size_t MinHeapSize                              = 8388608                                   {product} {ergonomic}
    uintx NonNMethodCodeHeapSize                   = 10453100                               {pd product} {ergonomic}
    uintx NonProfiledCodeHeapSize                  = 120602570                              {pd product} {ergonomic}
    uintx ProfiledCodeHeapSize                     = 120602570                              {pd product} {ergonomic}
    uintx ReservedCodeCacheSize                    = 251658240                              {pd product} {ergonomic}
     bool SegmentedCodeCache                       = true                                      {product} {ergonomic}
   size_t SoftMaxHeapSize                          = 4223664128                             {manageable} {ergonomic}
      int ThreadPriorityPolicy                     = 1                                         {product} {jimage}
     bool UseCompressedOops                        = true                           {product lp64_product} {ergonomic}
     bool UseG1GC                                  = true                                      {product} {ergonomic}
     bool UseLargePagesIndividualAllocation        = false                                  {pd product} {ergonomic}

Logging:
Log output configuration:
 #0: stdout all=warning uptime,level,tags foldmultilines=false
 #1: stderr all=off uptime,level,tags foldmultilines=false

Environment Variables:
PATH=C:\Program Files\Common Files\Oracle\Java\javapath;C:\Program Files (x86)\Common Files\Intel\Shared Libraries\redist\intel64\compiler;C:\Windows\system32;C:\Windows;C:\Windows\System32\Wbem;C:\Windows\System32\WindowsPowerShell\v1.0\;C:\Windows\System32\OpenSSH\;E:\Program Files\Git\cmd;C:\Users\14385\AppData\Local\Microsoft\WindowsApps;;E:\Programs\Microsoft VS Code\bin;E:\Program Files\JetBrains\IntelliJ IDEA 2024.1\bin;
USERNAME=14385
OS=Windows_NT
PROCESSOR_IDENTIFIER=Intel64 Family 6 Model 154 Stepping 3, GenuineIntel
TMP=C:\Users\14385\AppData\Local\Temp
TEMP=C:\Users\14385\AppData\Local\Temp




Periodic native trim disabled

---------------  S Y S T E M  ---------------

OS:
 Windows 11 , 64 bit Build 22621 (10.0.22621.3958)
OS uptime: 4 days 13:10 hours
Hyper-V role detected

CPU: total 20 (initial active 20) (10 cores per cpu, 2 threads per core) family 6 model 154 stepping 3 microcode 0x42f, cx8, cmov, fxsr, ht, mmx, 3dnowpref, sse, sse2, sse3, ssse3, sse4.1, sse4.2, popcnt, lzcnt, tsc, tscinvbit, avx, avx2, aes, erms, clmul, bmi1, bmi2, adx, sha, fma, vzeroupper, clflush, clflushopt, clwb, hv, serialize, rdtscp, rdpid, fsrm, f16c, cet_ibt, cet_ss
Processor Information for processor 0
  Max Mhz: 2300, Current Mhz: 2300, Mhz Limit: 2300
Processor Information for processor 1
  Max Mhz: 2300, Current Mhz: 2300, Mhz Limit: 2300
Processor Information for processor 2
  Max Mhz: 2300, Current Mhz: 2300, Mhz Limit: 2300
Processor Information for processor 3
  Max Mhz: 2300, Current Mhz: 2300, Mhz Limit: 2300
Processor Information for processor 4
  Max Mhz: 2300, Current Mhz: 2300, Mhz Limit: 2300
Processor Information for processor 5
  Max Mhz: 2300, Current Mhz: 2300, Mhz Limit: 2300
Processor Information for processor 6
  Max Mhz: 2300, Current Mhz: 2300, Mhz Limit: 2300
Processor Information for processor 7
  Max Mhz: 2300, Current Mhz: 2300, Mhz Limit: 2300
Processor Information for processor 8
  Max Mhz: 2300, Current Mhz: 2300, Mhz Limit: 2300
Processor Information for processor 9
  Max Mhz: 2300, Current Mhz: 2300, Mhz Limit: 2300
Processor Information for processor 10
  Max Mhz: 2300, Current Mhz: 2300, Mhz Limit: 2300
Processor Information for processor 11
  Max Mhz: 2300, Current Mhz: 2300, Mhz Limit: 2300
Processor Information for processor 12
  Max Mhz: 2300, Current Mhz: 1700, Mhz Limit: 1679
Processor Information for processor 13
  Max Mhz: 2300, Current Mhz: 1700, Mhz Limit: 1679
Processor Information for processor 14
  Max Mhz: 2300, Current Mhz: 1500, Mhz Limit: 1679
Processor Information for processor 15
  Max Mhz: 2300, Current Mhz: 1500, Mhz Limit: 1679
Processor Information for processor 16
  Max Mhz: 2300, Current Mhz: 1700, Mhz Limit: 1679
Processor Information for processor 17
  Max Mhz: 2300, Current Mhz: 1500, Mhz Limit: 1679
Processor Information for processor 18
  Max Mhz: 2300, Current Mhz: 1700, Mhz Limit: 1679
Processor Information for processor 19
  Max Mhz: 2300, Current Mhz: 1500, Mhz Limit: 1679

Memory: 4k page, system-wide physical 16109M (767M free)
TotalPageFile size 34859M (AvailPageFile size 142M)
current process WorkingSet (physical memory assigned to process): 11M, peak: 11M
current process commit charge ("private bytes"): 75M, peak: 327M

vm_info: Java HotSpot(TM) 64-Bit Server VM (21.0.5+9-LTS-jvmci-23.1-b48) for windows-amd64 JRE (21.0.5+9-LTS-jvmci-23.1-b48), built on 2024-10-01T10:26:49Z by "OCIWIN28Buildbot" with MS VC++ 17.6 (VS2022)

END.
